<?xml version='1.0'?>
<ns2:test-suite xmlns:ns2='urn:model.allure.qatools.yandex.ru' start='1638983263157' stop='1638983268860'>
    <name>Verify Login Scenarios on Saxobank React Native Mobile App</name>
    <title>Verify Login Scenarios on Saxobank React Native Mobile App</title>
    <test-cases>
        <test-case start='1638983263157' status='failed' stop='1638983268859'>
            <name>User should not be able to login using wrong credentials to Saxobank Mobile App</name>
            <title>User should not be able to login using wrong credentials to Saxobank Mobile App</title>
            <labels>
                <label name='language' value='javascript'/>
                <label name='framework' value='wdio'/>
                <label name='thread' value='0-0'/>
            </labels>
            <parameters>
                <parameter kind='argument' name='device' value='Pixel 3 9-9'/>
            </parameters>
            <steps/>
            <attachments/>
            <failure>
                <message>The expression evaluated to a falsy value:
                
                  assert(loginButtonSelector.length > 0)
                      
                      actual expected
                      
                      falsetrue
                      </message>
                <stack-trace>AssertionError [ERR_ASSERTION]: The expression evaluated to a falsy value:
                
                  assert(loginButtonSelector.length > 0)
                
                    at Context.&lt;anonymous> (E:\Projects\Test-mobile\MobileAutomationTest\test\specs\example.e2e.js:17:4)
                    at processTicksAndRejections (node:internal/process/task_queues:96:5)</stack-trace>
            </failure>
        </test-case>
    </test-cases>
</ns2:test-suite>